Arguments: 
  /usr/local/Cellar/node/11.6.0/bin/node /usr/local/Cellar/yarn/1.12.3/libexec/bin/yarn.js install

PATH: 
  /Users/chadstachowicz/.rvm/gems/ruby-2.2.4/bin:/Users/chadstachowicz/.rvm/gems/ruby-2.2.4@global/bin:/Users/chadstachowicz/.rvm/rubies/ruby-2.2.4/bin:/usr/local/bin:/usr/bin:/bin:/usr/sbin:/sbin:/Applications/VMware Fusion.app/Contents/Public:/usr/local/share/dotnet:/Library/Frameworks/Mono.framework/Versions/Current/Commands:/Applications/Wireshark.app/Contents/MacOS:/Users/chadstachowicz/.rvm/bin

Yarn version: 
  1.12.3

Node version: 
  11.6.0

Platform: 
  darwin x64

Trace: 
  Error: EACCES: permission denied, mkdir '/Users/chadstachowicz/Dropbox/WORKING_CODE/ServiceNowFinesse/node_modules/babel-preset-env/node_modules/babel-plugin-transform-regenerator'

npm manifest: 
  {
    "name": "snow-finesse",
    "version": "0.1.0",
    "private": true,
    "homepage": "./",
    "devDependencies": {
      "react-scripts": "0.8.4",
      "ssh2-sftp-client": "^1.0.5",
      "walk": "^2.3.9"
    },
    "dependencies": {
      "classnames": "^2.2.6",
      "jquery": "^3.1.1",
      "libphonenumber-js": "^1.2.15",
      "logrocket": "^0.6.9",
      "material-design-icons": "^3.0.1",
      "moment": "^2.22.2",
      "moment-duration-format": "^1.3.0",
      "react": "^15.4.2",
      "react-dom": "^15.4.2",
      "react-dropdown": "^1.2.0",
      "react-fontawesome": "^1.6.1",
      "react-spinners": "^0.2.6",
      "react-svg-loader": "^2.1.0"
    },
    "scripts": {
      "start": "react-scripts start",
      "build": "react-scripts build",
      "test": "react-scripts test --env=jsdom",
      "eject": "react-scripts eject"
    }
  }

yarn manifest: 
  No manifest

Lockfile: 
  No lockfile
